<?xml version="1.0" encoding="UTF-8"?>
<testsuite name="dev.farhan.movies.MoviesApplicationTests" tests="1" skipped="0" failures="0" errors="0" timestamp="2024-05-11T04:06:54" hostname="XAVI" time="1.908">
  <properties/>
  <testcase name="contextLoads()" classname="dev.farhan.movies.MoviesApplicationTests" time="1.908"/>
  <system-out><![CDATA[22:06:48.453 [Test worker] INFO org.springframework.test.context.support.AnnotationConfigContextLoaderUtils -- Could not detect default configuration classes for test class [dev.farhan.movies.MoviesApplicationTests]: MoviesApplicationTests does not declare any static, non-private, non-final, nested classes annotated with @Configuration.
22:06:48.657 [Test worker] INFO org.springframework.boot.test.context.SpringBootTestContextBootstrapper -- Found @SpringBootConfiguration dev.farhan.movies.MoviesApplication for test class dev.farhan.movies.MoviesApplicationTests

  .   ____          _            __ _ _
 /\\ / ___'_ __ _ _(_)_ __  __ _ \ \ \ \
( ( )\___ | '_ | '_| | '_ \/ _` | \ \ \ \
 \\/  ___)| |_)| | | | | || (_| |  ) ) ) )
  '  |____| .__|_| |_|_| |_\__, | / / / /
 =========|_|==============|___/=/_/_/_/
 :: Spring Boot ::                (v3.2.5)

2024-05-10T22:06:49.463-06:00  INFO 4236 --- [    Test worker] d.farhan.movies.MoviesApplicationTests   : Starting MoviesApplicationTests using Java 21.0.3 with PID 4236 (started by lisre in C:\Users\lisre\Documents\GitHub\Movies\movies\movies)
2024-05-10T22:06:49.468-06:00  INFO 4236 --- [    Test worker] d.farhan.movies.MoviesApplicationTests   : No active profile set, falling back to 1 default profile: "default"
2024-05-10T22:06:50.703-06:00  INFO 4236 --- [    Test worker] .s.d.r.c.RepositoryConfigurationDelegate : Bootstrapping Spring Data MongoDB repositories in DEFAULT mode.
2024-05-10T22:06:50.843-06:00  INFO 4236 --- [    Test worker] .s.d.r.c.RepositoryConfigurationDelegate : Finished Spring Data repository scanning in 129 ms. Found 2 MongoDB repository interfaces.
2024-05-10T22:06:52.009-06:00  INFO 4236 --- [sfy.mongodb.net] org.mongodb.driver.cluster               : Adding discovered server ac-r2x6uo4-shard-00-01.ura7sfy.mongodb.net:27017 to client view of cluster
2024-05-10T22:06:52.056-06:00  INFO 4236 --- [    Test worker] org.mongodb.driver.client                : MongoClient with metadata {"driver": {"name": "mongo-java-driver|sync|spring-boot", "version": "4.11.2"}, "os": {"type": "Windows", "name": "Windows 11", "architecture": "amd64", "version": "10.0"}, "platform": "Java/Oracle Corporation/21.0.3+7-LTS-152"} created with settings MongoClientSettings{readPreference=primary, writeConcern=WriteConcern{w=null, wTimeout=null ms, journal=null}, retryWrites=true, retryReads=true, readConcern=ReadConcern{level=null}, credential=MongoCredential{mechanism=null, userName='xavierarian', source='admin', password=<hidden>, mechanismProperties=<hidden>}, transportSettings=null, streamFactoryFactory=null, commandListeners=[], codecRegistry=ProvidersCodecRegistry{codecProviders=[ValueCodecProvider{}, BsonValueCodecProvider{}, DBRefCodecProvider{}, DBObjectCodecProvider{}, DocumentCodecProvider{}, CollectionCodecProvider{}, IterableCodecProvider{}, MapCodecProvider{}, GeoJsonCodecProvider{}, GridFSFileCodecProvider{}, Jsr310CodecProvider{}, JsonObjectCodecProvider{}, BsonCodecProvider{}, EnumCodecProvider{}, com.mongodb.client.model.mql.ExpressionCodecProvider@7741d346, com.mongodb.Jep395RecordCodecProvider@52454457, com.mongodb.KotlinCodecProvider@4130a648]}, loggerSettings=LoggerSettings{maxDocumentLength=1000}, clusterSettings={hosts=[127.0.0.1:27017], srvHost=cluster0.ura7sfy.mongodb.net, srvServiceName=mongodb, mode=MULTIPLE, requiredClusterType=REPLICA_SET, requiredReplicaSetName='atlas-nfykgz-shard-0', serverSelector='null', clusterListeners='[]', serverSelectionTimeout='30000 ms', localThreshold='15 ms'}, socketSettings=SocketSettings{connectTimeoutMS=10000, readTimeoutMS=0, receiveBufferSize=0, proxySettings=ProxySettings{host=null, port=null, username=null, password=null}}, heartbeatSocketSettings=SocketSettings{connectTimeoutMS=10000, readTimeoutMS=10000, receiveBufferSize=0, proxySettings=ProxySettings{host=null, port=null, username=null, password=null}}, connectionPoolSettings=ConnectionPoolSettings{maxSize=100, minSize=0, maxWaitTimeMS=120000, maxConnectionLifeTimeMS=0, maxConnectionIdleTimeMS=0, maintenanceInitialDelayMS=0, maintenanceFrequencyMS=60000, connectionPoolListeners=[], maxConnecting=2}, serverSettings=ServerSettings{heartbeatFrequencyMS=10000, minHeartbeatFrequencyMS=500, serverListeners='[]', serverMonitorListeners='[]'}, sslSettings=SslSettings{enabled=true, invalidHostNameAllowed=false, context=null}, applicationName='null', compressorList=[], uuidRepresentation=JAVA_LEGACY, serverApi=null, autoEncryptionSettings=null, dnsClient=null, inetAddressResolver=null, contextProvider=null}
2024-05-10T22:06:52.106-06:00  INFO 4236 --- [sfy.mongodb.net] org.mongodb.driver.cluster               : Adding discovered server ac-r2x6uo4-shard-00-02.ura7sfy.mongodb.net:27017 to client view of cluster
2024-05-10T22:06:52.119-06:00  INFO 4236 --- [sfy.mongodb.net] org.mongodb.driver.cluster               : Adding discovered server ac-r2x6uo4-shard-00-00.ura7sfy.mongodb.net:27017 to client view of cluster
2024-05-10T22:06:53.935-06:00  INFO 4236 --- [ngodb.net:27017] org.mongodb.driver.cluster               : Monitor thread successfully connected to server with description ServerDescription{address=ac-r2x6uo4-shard-00-02.ura7sfy.mongodb.net:27017, type=REPLICA_SET_PRIMARY, state=CONNECTED, ok=true, minWireVersion=0, maxWireVersion=21, maxDocumentSize=16777216, logicalSessionTimeoutMinutes=30, roundTripTimeNanos=975346100, setName='atlas-nfykgz-shard-0', canonicalAddress=ac-r2x6uo4-shard-00-02.ura7sfy.mongodb.net:27017, hosts=[ac-r2x6uo4-shard-00-01.ura7sfy.mongodb.net:27017, ac-r2x6uo4-shard-00-02.ura7sfy.mongodb.net:27017, ac-r2x6uo4-shard-00-00.ura7sfy.mongodb.net:27017], passives=[], arbiters=[], primary='ac-r2x6uo4-shard-00-02.ura7sfy.mongodb.net:27017', tagSet=TagSet{[Tag{name='availabilityZone', value='usw2-az3'}, Tag{name='diskState', value='READY'}, Tag{name='nodeType', value='ELECTABLE'}, Tag{name='provider', value='AWS'}, Tag{name='region', value='US_WEST_2'}, Tag{name='workloadType', value='OPERATIONAL'}]}, electionId=7fffffff00000000000000ea, setVersion=8, topologyVersion=TopologyVersion{processId=663e8291bc6cac17af8f3272, counter=6}, lastWriteDate=Fri May 10 22:06:53 CST 2024, lastUpdateTimeNanos=343631584007200}
2024-05-10T22:06:53.935-06:00  INFO 4236 --- [ngodb.net:27017] org.mongodb.driver.cluster               : Monitor thread successfully connected to server with description ServerDescription{address=ac-r2x6uo4-shard-00-00.ura7sfy.mongodb.net:27017, type=REPLICA_SET_SECONDARY, state=CONNECTED, ok=true, minWireVersion=0, maxWireVersion=21, maxDocumentSize=16777216, logicalSessionTimeoutMinutes=30, roundTripTimeNanos=975982600, setName='atlas-nfykgz-shard-0', canonicalAddress=ac-r2x6uo4-shard-00-00.ura7sfy.mongodb.net:27017, hosts=[ac-r2x6uo4-shard-00-01.ura7sfy.mongodb.net:27017, ac-r2x6uo4-shard-00-02.ura7sfy.mongodb.net:27017, ac-r2x6uo4-shard-00-00.ura7sfy.mongodb.net:27017], passives=[], arbiters=[], primary='ac-r2x6uo4-shard-00-02.ura7sfy.mongodb.net:27017', tagSet=TagSet{[Tag{name='availabilityZone', value='usw2-az2'}, Tag{name='diskState', value='READY'}, Tag{name='nodeType', value='ELECTABLE'}, Tag{name='provider', value='AWS'}, Tag{name='region', value='US_WEST_2'}, Tag{name='workloadType', value='OPERATIONAL'}]}, electionId=null, setVersion=8, topologyVersion=TopologyVersion{processId=663e800ed4dcae9eab8580b2, counter=4}, lastWriteDate=Fri May 10 22:06:53 CST 2024, lastUpdateTimeNanos=343631584203100}
2024-05-10T22:06:53.935-06:00  INFO 4236 --- [ngodb.net:27017] org.mongodb.driver.cluster               : Monitor thread successfully connected to server with description ServerDescription{address=ac-r2x6uo4-shard-00-01.ura7sfy.mongodb.net:27017, type=REPLICA_SET_SECONDARY, state=CONNECTED, ok=true, minWireVersion=0, maxWireVersion=21, maxDocumentSize=16777216, logicalSessionTimeoutMinutes=30, roundTripTimeNanos=979443300, setName='atlas-nfykgz-shard-0', canonicalAddress=ac-r2x6uo4-shard-00-01.ura7sfy.mongodb.net:27017, hosts=[ac-r2x6uo4-shard-00-01.ura7sfy.mongodb.net:27017, ac-r2x6uo4-shard-00-02.ura7sfy.mongodb.net:27017, ac-r2x6uo4-shard-00-00.ura7sfy.mongodb.net:27017], passives=[], arbiters=[], primary='ac-r2x6uo4-shard-00-02.ura7sfy.mongodb.net:27017', tagSet=TagSet{[Tag{name='availabilityZone', value='usw2-az1'}, Tag{name='diskState', value='READY'}, Tag{name='nodeType', value='ELECTABLE'}, Tag{name='provider', value='AWS'}, Tag{name='region', value='US_WEST_2'}, Tag{name='workloadType', value='OPERATIONAL'}]}, electionId=null, setVersion=8, topologyVersion=TopologyVersion{processId=663e8495267cb836395fdc47, counter=3}, lastWriteDate=Fri May 10 22:06:53 CST 2024, lastUpdateTimeNanos=343631583696500}
2024-05-10T22:06:53.948-06:00  INFO 4236 --- [ngodb.net:27017] org.mongodb.driver.cluster               : Discovered replica set primary ac-r2x6uo4-shard-00-02.ura7sfy.mongodb.net:27017 with max election id 7fffffff00000000000000ea and max set version 8
2024-05-10T22:06:54.689-06:00  INFO 4236 --- [    Test worker] d.farhan.movies.MoviesApplicationTests   : Started MoviesApplicationTests in 5.655 seconds (process running for 7.98)
]]></system-out>
  <system-err><![CDATA[WARNING: A Java agent has been loaded dynamically (C:\Users\lisre\.gradle\caches\modules-2\files-2.1\net.bytebuddy\byte-buddy-agent\1.14.13\979ce25f7d3096a2e82214ba7dc972a05ce7a171\byte-buddy-agent-1.14.13.jar)
WARNING: If a serviceability tool is in use, please run with -XX:+EnableDynamicAgentLoading to hide this warning
WARNING: If a serviceability tool is not in use, please run with -Djdk.instrument.traceUsage for more information
WARNING: Dynamic loading of agents will be disallowed by default in a future release
]]></system-err>
</testsuite>
